<?xml version="1.0" encoding="UTF-8"?>
<!-- Generated by org.testng.reporters.JUnitReportReporter -->
<testsuite hostname="DESKTOP-STL97P9" failures="0" tests="1" name="TestCases.TC001_EnsureLanguage" time="5.816" errors="0" timestamp="2025-01-02T11:54:24 IST" skipped="0">
  <testcase classname="TestCases.TC001_EnsureLanguage" name="Decect_Lang_spanish" time="5.816"/>
</testsuite> <!-- TestCases.TC001_EnsureLanguage -->
