<?xml version="1.0" encoding="UTF-8"?>
<!-- Generated by org.testng.reporters.JUnitReportReporter -->
<testsuite hostname="DESKTOP-STL97P9" failures="0" tests="1" name="TestCases.TC003_TranslatingHeaders" time="12.706" errors="0" timestamp="2025-01-02T11:54:24 IST" skipped="0">
  <testcase classname="TestCases.TC003_TranslatingHeaders" name="verifyTranslateHeader" time="12.706"/>
</testsuite> <!-- TestCases.TC003_TranslatingHeaders -->
