<?xml version="1.0" encoding="UTF-8"?>
<!-- Generated by org.testng.reporters.JUnitReportReporter -->
<testsuite hostname="DESKTOP-STL97P9" failures="0" tests="1" name="TestCases.TC004_Repeatingwords" time="0.003" errors="0" timestamp="2025-01-02T11:54:24 IST" skipped="0">
  <testcase classname="TestCases.TC004_Repeatingwords" name="verifyRepeatationwords" time="0.003"/>
</testsuite> <!-- TestCases.TC004_Repeatingwords -->
