<?xml version="1.0" encoding="UTF-8"?>
<!-- Generated by org.testng.reporters.JUnitReportReporter -->
<testsuite hostname="DESKTOP-STL97P9" failures="0" tests="1" name="TestCases.TC002_OpinionSection" time="88.328" errors="0" timestamp="2025-01-02T11:54:24 IST" skipped="0">
  <testcase classname="TestCases.TC002_OpinionSection" name="verify_OpinionSection" time="88.328"/>
</testsuite> <!-- TestCases.TC002_OpinionSection -->
